<?xml version="1.0" encoding="UTF-8"?>
<testng-results ignored="0" total="1" passed="1" failed="0" skipped="0">
  <reporter-output>
  </reporter-output>
  <suite started-at="2023-09-17T14:37:37 IST" name="Default suite" finished-at="2023-09-17T14:37:43 IST" duration-ms="6263">
    <groups>
    </groups>
    <test started-at="2023-09-17T14:37:37 IST" name="Default test" finished-at="2023-09-17T14:37:43 IST" duration-ms="6263">
      <class name="intershoppwa.HomepageTest">
        <test-method signature="testHomepage()[pri:0, instance:intershoppwa.HomepageTest@46cdf8bd]" started-at="2023-09-17T14:37:37 IST" name="testHomepage" finished-at="2023-09-17T14:37:43 IST" duration-ms="6213" status="PASS">
          <reporter-output>
          </reporter-output>
        </test-method> <!-- testHomepage -->
      </class> <!-- intershoppwa.HomepageTest -->
    </test> <!-- Default test -->
  </suite> <!-- Default suite -->
</testng-results>
